kotlin version: 2.1.21
error message: org.jetbrains.kotlin.backend.common.BackendException: Backend Internal error: Exception during IR lowering
File being compiled: C:/Users/Spion/AndroidStudioProjects/NMedia/app/src/main/java/ru/netology/nmedia/api/PostsApiService.kt
The root cause java.lang.IllegalArgumentException was thrown at: org.jetbrains.kotlin.backend.jvm.lower.RecordEnclosingMethodsLowering$lower$1.visitFunctionAccess(RecordEnclosingMethodsLowering.kt:37)
	at org.jetbrains.kotlin.backend.common.CodegenUtil.reportBackendException(CodegenUtil.kt:107)
	at org.jetbrains.kotlin.backend.common.CodegenUtil.reportBackendException$default(CodegenUtil.kt:90)
	at org.jetbrains.kotlin.backend.common.phaser.PerformByIrFilePhase.invokeSequential(performByIrFile.kt:54)
	at org.jetbrains.kotlin.backend.common.phaser.PerformByIrFilePhase.invoke(performByIrFile.kt:41)
	at org.jetbrains.kotlin.backend.common.phaser.PerformByIrFilePhase.invoke(performByIrFile.kt:27)
	at org.jetbrains.kotlin.config.phaser.SameTypeNamedCompilerPhase.phaseBody(CompilerPhase.kt:160)
	at org.jetbrains.kotlin.config.phaser.NamedCompilerPhase.invoke(CompilerPhase.kt:111)
	at org.jetbrains.kotlin.backend.common.phaser.CompositePhase.invoke(PhaseBuilders.kt:28)
	at org.jetbrains.kotlin.config.phaser.SameTypeNamedCompilerPhase.phaseBody(CompilerPhase.kt:160)
	at org.jetbrains.kotlin.config.phaser.NamedCompilerPhase.invoke(CompilerPhase.kt:111)
	at org.jetbrains.kotlin.config.phaser.CompilerPhaseKt.invokeToplevel(CompilerPhase.kt:62)
	at org.jetbrains.kotlin.backend.jvm.JvmIrCodegenFactory.invokeLowerings(JvmIrCodegenFactory.kt:350)
	at org.jetbrains.kotlin.cli.jvm.compiler.legacy.pipeline.JvmCompilerPipelineKt.generateCodeFromIr(jvmCompilerPipeline.kt:174)
	at org.jetbrains.kotlin.kapt4.FirKaptAnalysisHandlerExtension.contextForStubGeneration(FirKaptAnalysisHandlerExtension.kt:232)
	at org.jetbrains.kotlin.kapt4.FirKaptAnalysisHandlerExtension.doAnalysis(FirKaptAnalysisHandlerExtension.kt:126)
	at org.jetbrains.kotlin.fir.extensions.FirAnalysisHandlerExtension$Companion.analyze(FirAnalysisHandlerExtension.kt:29)
	at org.jetbrains.kotlin.cli.pipeline.jvm.JvmFrontendPipelinePhase.executePhase(JvmFrontendPipelinePhase.kt:76)
	at org.jetbrains.kotlin.cli.pipeline.jvm.JvmFrontendPipelinePhase.executePhase(JvmFrontendPipelinePhase.kt:56)
	at org.jetbrains.kotlin.cli.pipeline.PipelinePhase.phaseBody(PipelinePhase.kt:68)
	at org.jetbrains.kotlin.cli.pipeline.PipelinePhase.phaseBody(PipelinePhase.kt:58)
	at org.jetbrains.kotlin.config.phaser.SimpleNamedCompilerPhase.phaseBody(CompilerPhase.kt:215)
	at org.jetbrains.kotlin.config.phaser.NamedCompilerPhase.invoke(CompilerPhase.kt:111)
	at org.jetbrains.kotlin.backend.common.phaser.CompositePhase.invoke(PhaseBuilders.kt:28)
	at org.jetbrains.kotlin.config.phaser.CompilerPhaseKt.invokeToplevel(CompilerPhase.kt:62)
	at org.jetbrains.kotlin.cli.pipeline.AbstractCliPipeline.runPhasedPipeline(AbstractCliPipeline.kt:106)
	at org.jetbrains.kotlin.cli.pipeline.AbstractCliPipeline.execute(AbstractCliPipeline.kt:65)
	at org.jetbrains.kotlin.cli.jvm.K2JVMCompiler.doExecutePhased(K2JVMCompiler.kt:61)
	at org.jetbrains.kotlin.cli.jvm.K2JVMCompiler.doExecutePhased(K2JVMCompiler.kt:36)
	at org.jetbrains.kotlin.cli.common.CLICompiler.execImpl(CLICompiler.kt:80)
	at org.jetbrains.kotlin.cli.common.CLICompiler.exec(CLICompiler.kt:337)
	at org.jetbrains.kotlin.incremental.IncrementalJvmCompilerRunner.runCompiler(IncrementalJvmCompilerRunner.kt:466)
	at org.jetbrains.kotlin.incremental.IncrementalJvmCompilerRunner.runCompiler(IncrementalJvmCompilerRunner.kt:75)
	at org.jetbrains.kotlin.incremental.IncrementalCompilerRunner.doCompile(IncrementalCompilerRunner.kt:514)
	at org.jetbrains.kotlin.incremental.IncrementalCompilerRunner.compileImpl(IncrementalCompilerRunner.kt:431)
	at org.jetbrains.kotlin.incremental.IncrementalCompilerRunner.compileNonIncrementally(IncrementalCompilerRunner.kt:310)
	at org.jetbrains.kotlin.incremental.IncrementalCompilerRunner.compile(IncrementalCompilerRunner.kt:137)
	at org.jetbrains.kotlin.daemon.CompileServiceImplBase.execIncrementalCompiler(CompileServiceImpl.kt:678)
	at org.jetbrains.kotlin.daemon.CompileServiceImplBase.access$execIncrementalCompiler(CompileServiceImpl.kt:92)
	at org.jetbrains.kotlin.daemon.CompileServiceImpl.compile(CompileServiceImpl.kt:1805)
	at java.base/jdk.internal.reflect.DirectMethodHandleAccessor.invoke(Unknown Source)
	at java.base/java.lang.reflect.Method.invoke(Unknown Source)
	at java.rmi/sun.rmi.server.UnicastServerRef.dispatch(Unknown Source)
	at java.rmi/sun.rmi.transport.Transport$1.run(Unknown Source)
	at java.rmi/sun.rmi.transport.Transport$1.run(Unknown Source)
	at java.base/java.security.AccessController.doPrivileged(Unknown Source)
	at java.rmi/sun.rmi.transport.Transport.serviceCall(Unknown Source)
	at java.rmi/sun.rmi.transport.tcp.TCPTransport.handleMessages(Unknown Source)
	at java.rmi/sun.rmi.transport.tcp.TCPTransport$ConnectionHandler.run0(Unknown Source)
	at java.rmi/sun.rmi.transport.tcp.TCPTransport$ConnectionHandler.lambda$run$0(Unknown Source)
	at java.base/java.security.AccessController.doPrivileged(Unknown Source)
	at java.rmi/sun.rmi.transport.tcp.TCPTransport$ConnectionHandler.run(Unknown Source)
	at java.base/java.util.concurrent.ThreadPoolExecutor.runWorker(Unknown Source)
	at java.base/java.util.concurrent.ThreadPoolExecutor$Worker.run(Unknown Source)
	at java.base/java.lang.Thread.run(Unknown Source)
Caused by: java.lang.IllegalArgumentException: function call not in a method: CALL 'public final fun toString (): kotlin.String declared in java.lang.StringBuilder' type=kotlin.String origin=null
	at org.jetbrains.kotlin.backend.jvm.lower.RecordEnclosingMethodsLowering$lower$1.visitFunctionAccess(RecordEnclosingMethodsLowering.kt:37)
	at org.jetbrains.kotlin.backend.jvm.lower.RecordEnclosingMethodsLowering$lower$1.visitFunctionAccess(RecordEnclosingMethodsLowering.kt:32)
	at org.jetbrains.kotlin.ir.visitors.IrElementVisitor$DefaultImpls.visitCall(IrElementVisitor.kt:160)
	at org.jetbrains.kotlin.backend.jvm.lower.RecordEnclosingMethodsLowering$lower$1.visitCall(RecordEnclosingMethodsLowering.kt:32)
	at org.jetbrains.kotlin.backend.jvm.lower.RecordEnclosingMethodsLowering$lower$1.visitCall(RecordEnclosingMethodsLowering.kt:32)
	at org.jetbrains.kotlin.ir.expressions.IrCall.accept(IrCall.kt:24)
	at org.jetbrains.kotlin.ir.expressions.IrExpressionBody.acceptChildren(IrExpressionBody.kt:27)
	at org.jetbrains.kotlin.backend.jvm.lower.RecordEnclosingMethodsLowering$lower$1.visitElement(RecordEnclosingMethodsLowering.kt:34)
	at org.jetbrains.kotlin.backend.jvm.lower.RecordEnclosingMethodsLowering$lower$1.visitElement(RecordEnclosingMethodsLowering.kt:32)
	at org.jetbrains.kotlin.ir.visitors.IrElementVisitor$DefaultImpls.visitBody(IrElementVisitor.kt:100)
	at org.jetbrains.kotlin.backend.jvm.lower.RecordEnclosingMethodsLowering$lower$1.visitBody(RecordEnclosingMethodsLowering.kt:32)
	at org.jetbrains.kotlin.backend.jvm.lower.RecordEnclosingMethodsLowering$lower$1.visitBody(RecordEnclosingMethodsLowering.kt:32)
	at org.jetbrains.kotlin.ir.visitors.IrElementVisitor$DefaultImpls.visitExpressionBody(IrElementVisitor.kt:103)
	at org.jetbrains.kotlin.backend.jvm.lower.RecordEnclosingMethodsLowering$lower$1.visitExpressionBody(RecordEnclosingMethodsLowering.kt:32)
	at org.jetbrains.kotlin.backend.jvm.lower.RecordEnclosingMethodsLowering$lower$1.visitExpressionBody(RecordEnclosingMethodsLowering.kt:32)
	at org.jetbrains.kotlin.ir.expressions.IrExpressionBody.accept(IrExpressionBody.kt:21)
	at org.jetbrains.kotlin.ir.declarations.IrField.acceptChildren(IrField.kt:43)
	at org.jetbrains.kotlin.backend.jvm.lower.RecordEnclosingMethodsLowering$lower$1.visitElement(RecordEnclosingMethodsLowering.kt:34)
	at org.jetbrains.kotlin.backend.jvm.lower.RecordEnclosingMethodsLowering$lower$1.visitElement(RecordEnclosingMethodsLowering.kt:32)
	at org.jetbrains.kotlin.ir.visitors.IrElementVisitor$DefaultImpls.visitDeclaration(IrElementVisitor.kt:34)
	at org.jetbrains.kotlin.backend.jvm.lower.RecordEnclosingMethodsLowering$lower$1.visitDeclaration(RecordEnclosingMethodsLowering.kt:32)
	at org.jetbrains.kotlin.backend.jvm.lower.RecordEnclosingMethodsLowering$lower$1.visitDeclaration(RecordEnclosingMethodsLowering.kt:32)
	at org.jetbrains.kotlin.ir.visitors.IrElementVisitor$DefaultImpls.visitField(IrElementVisitor.kt:61)
	at org.jetbrains.kotlin.backend.jvm.lower.RecordEnclosingMethodsLowering$lower$1.visitField(RecordEnclosingMethodsLowering.kt:32)
	at org.jetbrains.kotlin.backend.jvm.lower.RecordEnclosingMethodsLowering$lower$1.visitField(RecordEnclosingMethodsLowering.kt:32)
	at org.jetbrains.kotlin.ir.declarations.IrField.accept(IrField.kt:40)
	at org.jetbrains.kotlin.ir.declarations.IrClass.acceptChildren(IrClass.kt:76)
	at org.jetbrains.kotlin.backend.jvm.lower.RecordEnclosingMethodsLowering$lower$1.visitElement(RecordEnclosingMethodsLowering.kt:34)
	at org.jetbrains.kotlin.backend.jvm.lower.RecordEnclosingMethodsLowering$lower$1.visitElement(RecordEnclosingMethodsLowering.kt:32)
	at org.jetbrains.kotlin.ir.visitors.IrElementVisitor$DefaultImpls.visitDeclaration(IrElementVisitor.kt:34)
	at org.jetbrains.kotlin.backend.jvm.lower.RecordEnclosingMethodsLowering$lower$1.visitDeclaration(RecordEnclosingMethodsLowering.kt:32)
	at org.jetbrains.kotlin.backend.jvm.lower.RecordEnclosingMethodsLowering$lower$1.visitDeclaration(RecordEnclosingMethodsLowering.kt:32)
	at org.jetbrains.kotlin.ir.visitors.IrElementVisitor$DefaultImpls.visitClass(IrElementVisitor.kt:40)
	at org.jetbrains.kotlin.backend.jvm.lower.RecordEnclosingMethodsLowering$lower$1.visitClass(RecordEnclosingMethodsLowering.kt:32)
	at org.jetbrains.kotlin.backend.jvm.lower.RecordEnclosingMethodsLowering$lower$1.visitClass(RecordEnclosingMethodsLowering.kt:32)
	at org.jetbrains.kotlin.ir.declarations.IrClass.accept(IrClass.kt:72)
	at org.jetbrains.kotlin.ir.declarations.IrFile.acceptChildren(IrFile.kt:34)
	at org.jetbrains.kotlin.backend.jvm.lower.RecordEnclosingMethodsLowering$lower$1.visitElement(RecordEnclosingMethodsLowering.kt:34)
	at org.jetbrains.kotlin.backend.jvm.lower.RecordEnclosingMethodsLowering$lower$1.visitElement(RecordEnclosingMethodsLowering.kt:32)
	at org.jetbrains.kotlin.ir.visitors.IrElementVisitor$DefaultImpls.visitPackageFragment(IrElementVisitor.kt:88)
	at org.jetbrains.kotlin.backend.jvm.lower.RecordEnclosingMethodsLowering$lower$1.visitPackageFragment(RecordEnclosingMethodsLowering.kt:32)
	at org.jetbrains.kotlin.backend.jvm.lower.RecordEnclosingMethodsLowering$lower$1.visitPackageFragment(RecordEnclosingMethodsLowering.kt:32)
	at org.jetbrains.kotlin.ir.visitors.IrElementVisitor$DefaultImpls.visitFile(IrElementVisitor.kt:94)
	at org.jetbrains.kotlin.backend.jvm.lower.RecordEnclosingMethodsLowering$lower$1.visitFile(RecordEnclosingMethodsLowering.kt:32)
	at org.jetbrains.kotlin.backend.jvm.lower.RecordEnclosingMethodsLowering$lower$1.visitFile(RecordEnclosingMethodsLowering.kt:32)
	at org.jetbrains.kotlin.ir.declarations.IrFile.accept(IrFile.kt:28)
	at org.jetbrains.kotlin.backend.jvm.lower.RecordEnclosingMethodsLowering.lower(RecordEnclosingMethodsLowering.kt:32)
	at org.jetbrains.kotlin.backend.common.phaser.PhaseFactoriesKt.createFilePhase$lambda$4(PhaseFactories.kt:88)
	at org.jetbrains.kotlin.backend.common.phaser.PhaseBuildersKt$createSimpleNamedCompilerPhase$1.phaseBody(PhaseBuilders.kt:68)
	at org.jetbrains.kotlin.config.phaser.SimpleNamedCompilerPhase.phaseBody(CompilerPhase.kt:215)
	at org.jetbrains.kotlin.config.phaser.NamedCompilerPhase.invoke(CompilerPhase.kt:111)
	at org.jetbrains.kotlin.backend.common.phaser.PerformByIrFilePhase.invokeSequential(performByIrFile.kt:51)
	... 51 more


